2024-08-31 19:14:47,115 - __main__ - INFO - Starting application
2024-08-31 19:14:47,125 - __main__ - INFO - Initializing ImageTaggerApp
2024-08-31 19:14:48,359 - __main__ - INFO - Selecting folder
2024-08-31 19:14:51,844 - __main__ - INFO - Folder selected: C:/Users/Stas/Pictures/car
2024-08-31 19:14:51,844 - __main__ - INFO - Sending folder to backend: C:/Users/Stas/Pictures/car
2024-08-31 19:14:51,844 - urllib3.connectionpool - DEBUG - Starting new HTTP connection (1): localhost:8000
2024-08-31 19:14:53,898 - urllib3.connectionpool - DEBUG - http://localhost:8000 "POST /set_folder HTTP/11" 200 55
2024-08-31 19:14:53,898 - __main__ - INFO - Folder sent to backend successfully
2024-08-31 19:14:53,898 - __main__ - INFO - Loading images
2024-08-31 19:14:53,898 - __main__ - INFO - Loaded 2 images
2024-08-31 19:14:56,604 - __main__ - INFO - Displaying image: C:/Users/Stas/Pictures/car\lotus espirit.jpg
2024-08-31 19:14:56,608 - __main__ - DEBUG - Loading image from disk: C:/Users/Stas/Pictures/car\lotus espirit.jpg
2024-08-31 19:14:56,612 - __main__ - INFO - Updating tags for: lotus espirit.jpg
2024-08-31 19:14:56,612 - __main__ - DEBUG - Starting to load image: C:/Users/Stas/Pictures/car\lotus espirit.jpg
2024-08-31 19:14:56,612 - __main__ - DEBUG - Updated tags for lotus espirit.jpg: []
2024-08-31 19:14:56,902 - __main__ - DEBUG - Image loaded successfully: C:/Users/Stas/Pictures/car\lotus espirit.jpg
2024-08-31 19:14:56,912 - __main__ - DEBUG - Image loaded successfully: C:/Users/Stas/Pictures/car\lotus espirit.jpg
2024-08-31 19:14:57,293 - __main__ - INFO - Displaying image: C:/Users/Stas/Pictures/car\2c879bff3c54396771c4f388db956071.jpg
2024-08-31 19:14:57,293 - __main__ - DEBUG - Loading image from disk: C:/Users/Stas/Pictures/car\2c879bff3c54396771c4f388db956071.jpg
2024-08-31 19:14:57,301 - __main__ - INFO - Updating tags for: 2c879bff3c54396771c4f388db956071.jpg
2024-08-31 19:14:57,301 - __main__ - DEBUG - Starting to load image: C:/Users/Stas/Pictures/car\2c879bff3c54396771c4f388db956071.jpg
2024-08-31 19:14:57,303 - __main__ - DEBUG - Updated tags for 2c879bff3c54396771c4f388db956071.jpg: []
2024-08-31 19:14:57,698 - __main__ - DEBUG - Image loaded successfully: C:/Users/Stas/Pictures/car\2c879bff3c54396771c4f388db956071.jpg
2024-08-31 19:14:57,710 - __main__ - DEBUG - Image loaded successfully: C:/Users/Stas/Pictures/car\2c879bff3c54396771c4f388db956071.jpg
2024-08-31 19:14:58,890 - __main__ - INFO - Starting image processing
2024-08-31 19:14:58,891 - urllib3.connectionpool - DEBUG - Starting new HTTP connection (1): localhost:8000
2024-08-31 19:15:00,926 - urllib3.connectionpool - DEBUG - http://localhost:8000 "GET /process_images HTTP/11" 200 32
2024-08-31 19:15:00,926 - __main__ - INFO - Processing started successfully
2024-08-31 19:15:02,927 - __main__ - DEBUG - Checking processing status
2024-08-31 19:15:02,927 - urllib3.connectionpool - DEBUG - Starting new HTTP connection (1): localhost:8000
2024-08-31 19:15:04,981 - urllib3.connectionpool - DEBUG - http://localhost:8000 "GET /get_tags HTTP/11" 200 2
2024-08-31 19:15:04,981 - __main__ - DEBUG - Received tags: {}
2024-08-31 19:15:04,981 - __main__ - DEBUG - No tags available yet, retrying...
2024-08-31 19:15:04,981 - __main__ - DEBUG - Checking processing status
2024-08-31 19:15:04,985 - urllib3.connectionpool - DEBUG - Starting new HTTP connection (1): localhost:8000
2024-08-31 19:15:07,036 - urllib3.connectionpool - DEBUG - http://localhost:8000 "GET /get_tags HTTP/11" 200 2
2024-08-31 19:15:07,036 - __main__ - DEBUG - Received tags: {}
2024-08-31 19:15:07,036 - __main__ - DEBUG - No tags available yet, retrying...
2024-08-31 19:15:07,037 - __main__ - WARNING - Failed to retrieve tags after multiple attempts
2024-08-31 19:15:07,732 - __main__ - INFO - Displaying image: C:/Users/Stas/Pictures/car\lotus espirit.jpg
2024-08-31 19:15:07,732 - __main__ - DEBUG - Image found in cache: C:/Users/Stas/Pictures/car\lotus espirit.jpg
2024-08-31 19:15:07,736 - __main__ - DEBUG - Image loaded successfully: C:/Users/Stas/Pictures/car\lotus espirit.jpg
2024-08-31 19:15:07,736 - __main__ - INFO - Updating tags for: lotus espirit.jpg
2024-08-31 19:15:07,736 - __main__ - DEBUG - Updated tags for lotus espirit.jpg: []
2024-08-31 19:15:08,298 - __main__ - INFO - Displaying image: C:/Users/Stas/Pictures/car\2c879bff3c54396771c4f388db956071.jpg
2024-08-31 19:15:08,298 - __main__ - DEBUG - Image found in cache: C:/Users/Stas/Pictures/car\2c879bff3c54396771c4f388db956071.jpg
2024-08-31 19:15:08,298 - __main__ - DEBUG - Image loaded successfully: C:/Users/Stas/Pictures/car\2c879bff3c54396771c4f388db956071.jpg
2024-08-31 19:15:08,298 - __main__ - INFO - Updating tags for: 2c879bff3c54396771c4f388db956071.jpg
2024-08-31 19:15:08,298 - __main__ - DEBUG - Updated tags for 2c879bff3c54396771c4f388db956071.jpg: []
2024-08-31 19:16:37,982 - __main__ - INFO - Starting application
2024-08-31 19:16:37,995 - __main__ - INFO - Initializing ImageTaggerApp
2024-08-31 19:16:40,765 - __main__ - INFO - Selecting folder
2024-08-31 19:16:43,548 - __main__ - INFO - Folder selected: C:/Users/Stas/Pictures/car
2024-08-31 19:16:43,548 - __main__ - INFO - Sending folder to backend: C:/Users/Stas/Pictures/car
2024-08-31 19:16:43,548 - urllib3.connectionpool - DEBUG - Starting new HTTP connection (1): localhost:8000
2024-08-31 19:16:45,597 - urllib3.connectionpool - DEBUG - http://localhost:8000 "POST /set_folder HTTP/11" 200 55
2024-08-31 19:16:45,597 - __main__ - INFO - Folder sent to backend successfully
2024-08-31 19:16:45,597 - __main__ - INFO - Loading images
2024-08-31 19:16:45,597 - __main__ - INFO - Loaded 2 images
2024-08-31 19:16:46,796 - __main__ - INFO - Starting image processing
2024-08-31 19:16:46,797 - urllib3.connectionpool - DEBUG - Starting new HTTP connection (1): localhost:8000
2024-08-31 19:16:48,829 - urllib3.connectionpool - DEBUG - http://localhost:8000 "GET /process_images HTTP/11" 200 32
2024-08-31 19:16:48,830 - __main__ - INFO - Processing started successfully
2024-08-31 19:16:50,824 - __main__ - DEBUG - Checking processing status
2024-08-31 19:16:50,824 - urllib3.connectionpool - DEBUG - Starting new HTTP connection (1): localhost:8000
2024-08-31 19:16:52,866 - urllib3.connectionpool - DEBUG - http://localhost:8000 "GET /get_tags HTTP/11" 200 2
2024-08-31 19:16:52,866 - __main__ - DEBUG - Received tags: {}
2024-08-31 19:16:52,866 - __main__ - DEBUG - No tags available yet, retrying...
2024-08-31 19:16:54,820 - __main__ - DEBUG - Checking processing status
2024-08-31 19:16:54,820 - urllib3.connectionpool - DEBUG - Starting new HTTP connection (1): localhost:8000
2024-08-31 19:16:56,863 - urllib3.connectionpool - DEBUG - http://localhost:8000 "GET /get_tags HTTP/11" 200 2
2024-08-31 19:16:56,863 - __main__ - DEBUG - Received tags: {}
2024-08-31 19:16:56,866 - __main__ - DEBUG - No tags available yet, retrying...
2024-08-31 19:16:56,866 - __main__ - WARNING - Failed to retrieve tags after multiple attempts
2024-08-31 19:18:57,624 - __main__ - INFO - Starting application
2024-08-31 19:18:57,636 - __main__ - INFO - Initializing ImageTaggerApp
2024-08-31 19:18:58,879 - __main__ - INFO - Selecting folder
2024-08-31 19:19:01,648 - __main__ - INFO - Folder selected: C:/Users/Stas/Pictures/car
2024-08-31 19:19:01,648 - __main__ - INFO - Sending folder to backend: C:/Users/Stas/Pictures/car
2024-08-31 19:19:01,652 - urllib3.connectionpool - DEBUG - Starting new HTTP connection (1): localhost:8000
2024-08-31 19:19:03,692 - urllib3.connectionpool - DEBUG - http://localhost:8000 "POST /set_folder HTTP/11" 200 55
2024-08-31 19:19:03,692 - __main__ - INFO - Folder sent to backend successfully
2024-08-31 19:19:03,692 - __main__ - INFO - Loading images
2024-08-31 19:19:03,692 - __main__ - INFO - Loaded 2 images
2024-08-31 19:19:09,959 - __main__ - INFO - Starting image processing
2024-08-31 19:19:09,961 - urllib3.connectionpool - DEBUG - Starting new HTTP connection (1): localhost:8000
2024-08-31 19:19:11,994 - urllib3.connectionpool - DEBUG - http://localhost:8000 "GET /process_images HTTP/11" 422 96
2024-08-31 19:19:11,995 - __main__ - ERROR - Failed to start processing. Status code: 422
2024-08-31 19:19:26,531 - __main__ - INFO - Starting image processing
2024-08-31 19:19:26,532 - urllib3.connectionpool - DEBUG - Starting new HTTP connection (1): localhost:8000
2024-08-31 19:19:28,570 - urllib3.connectionpool - DEBUG - http://localhost:8000 "GET /process_images HTTP/11" 422 96
2024-08-31 19:19:28,571 - __main__ - ERROR - Failed to start processing. Status code: 422
2024-08-31 19:22:52,753 - __main__ - INFO - Starting application
2024-08-31 19:22:52,761 - __main__ - INFO - Initializing ImageTaggerApp
2024-08-31 19:22:54,402 - __main__ - INFO - Selecting folder
2024-08-31 19:22:57,681 - __main__ - INFO - Folder selected: C:/Users/Stas/Pictures/car
2024-08-31 19:22:57,681 - __main__ - INFO - Sending folder to backend: C:/Users/Stas/Pictures/car
2024-08-31 19:22:57,685 - urllib3.connectionpool - DEBUG - Starting new HTTP connection (1): localhost:8000
2024-08-31 19:22:59,734 - urllib3.connectionpool - DEBUG - http://localhost:8000 "POST /set_folder HTTP/11" 200 55
2024-08-31 19:22:59,734 - __main__ - INFO - Folder sent to backend successfully
2024-08-31 19:22:59,734 - __main__ - INFO - Loading images
2024-08-31 19:22:59,734 - __main__ - INFO - Loaded 2 images
2024-08-31 19:23:02,043 - __main__ - INFO - Starting image processing
2024-08-31 19:23:02,044 - urllib3.connectionpool - DEBUG - Starting new HTTP connection (1): localhost:8000
2024-08-31 19:23:04,072 - urllib3.connectionpool - DEBUG - http://localhost:8000 "GET /process_images HTTP/11" 200 32
2024-08-31 19:23:04,072 - __main__ - INFO - Processing started successfully
2024-08-31 19:23:06,076 - __main__ - DEBUG - Checking processing status
2024-08-31 19:23:06,076 - urllib3.connectionpool - DEBUG - Starting new HTTP connection (1): localhost:8000
2024-08-31 19:23:08,112 - urllib3.connectionpool - DEBUG - http://localhost:8000 "GET /get_tags HTTP/11" 200 242
2024-08-31 19:23:08,112 - __main__ - DEBUG - Received tags: {'2c879bff3c54396771c4f388db956071.jpg': ['"grille",', '"convertible",', '"station wagon",', '"pickup truck",', '"limousine",'], 'lotus espirit.jpg': ['"station wagon",', '"car wheel",', '"taxicab",', '"race car",', '"police van",']}
2024-08-31 19:23:08,112 - __main__ - INFO - Processed 2 images
2024-08-31 19:23:11,018 - __main__ - INFO - Displaying image: C:/Users/Stas/Pictures/car\2c879bff3c54396771c4f388db956071.jpg
2024-08-31 19:23:11,018 - __main__ - DEBUG - Loading image from disk: C:/Users/Stas/Pictures/car\2c879bff3c54396771c4f388db956071.jpg
2024-08-31 19:23:11,026 - __main__ - INFO - Updating tags for: 2c879bff3c54396771c4f388db956071.jpg
2024-08-31 19:23:11,026 - __main__ - DEBUG - Starting to load image: C:/Users/Stas/Pictures/car\2c879bff3c54396771c4f388db956071.jpg
2024-08-31 19:23:11,027 - __main__ - DEBUG - Updated tags for 2c879bff3c54396771c4f388db956071.jpg: ['"grille",', '"convertible",', '"station wagon",', '"pickup truck",', '"limousine",']
2024-08-31 19:23:11,454 - __main__ - DEBUG - Image loaded successfully: C:/Users/Stas/Pictures/car\2c879bff3c54396771c4f388db956071.jpg
2024-08-31 19:23:11,458 - __main__ - DEBUG - Image loaded successfully: C:/Users/Stas/Pictures/car\2c879bff3c54396771c4f388db956071.jpg
2024-08-31 19:23:12,631 - __main__ - INFO - Displaying image: C:/Users/Stas/Pictures/car\lotus espirit.jpg
2024-08-31 19:23:12,631 - __main__ - DEBUG - Loading image from disk: C:/Users/Stas/Pictures/car\lotus espirit.jpg
2024-08-31 19:23:12,635 - __main__ - INFO - Updating tags for: lotus espirit.jpg
2024-08-31 19:23:12,635 - __main__ - DEBUG - Starting to load image: C:/Users/Stas/Pictures/car\lotus espirit.jpg
2024-08-31 19:23:12,640 - __main__ - DEBUG - Updated tags for lotus espirit.jpg: ['"station wagon",', '"car wheel",', '"taxicab",', '"race car",', '"police van",']
2024-08-31 19:23:12,919 - __main__ - DEBUG - Image loaded successfully: C:/Users/Stas/Pictures/car\lotus espirit.jpg
2024-08-31 19:23:12,924 - __main__ - DEBUG - Image loaded successfully: C:/Users/Stas/Pictures/car\lotus espirit.jpg
2024-08-31 19:23:13,409 - __main__ - INFO - Displaying image: C:/Users/Stas/Pictures/car\2c879bff3c54396771c4f388db956071.jpg
2024-08-31 19:23:13,409 - __main__ - DEBUG - Image found in cache: C:/Users/Stas/Pictures/car\2c879bff3c54396771c4f388db956071.jpg
2024-08-31 19:23:13,409 - __main__ - DEBUG - Image loaded successfully: C:/Users/Stas/Pictures/car\2c879bff3c54396771c4f388db956071.jpg
2024-08-31 19:23:13,409 - __main__ - INFO - Updating tags for: 2c879bff3c54396771c4f388db956071.jpg
2024-08-31 19:23:13,409 - __main__ - DEBUG - Updated tags for 2c879bff3c54396771c4f388db956071.jpg: ['"grille",', '"convertible",', '"station wagon",', '"pickup truck",', '"limousine",']
2024-08-31 19:23:13,776 - __main__ - INFO - Displaying image: C:/Users/Stas/Pictures/car\lotus espirit.jpg
2024-08-31 19:23:13,776 - __main__ - DEBUG - Image found in cache: C:/Users/Stas/Pictures/car\lotus espirit.jpg
2024-08-31 19:23:13,776 - __main__ - DEBUG - Image loaded successfully: C:/Users/Stas/Pictures/car\lotus espirit.jpg
2024-08-31 19:23:13,776 - __main__ - INFO - Updating tags for: lotus espirit.jpg
2024-08-31 19:23:13,776 - __main__ - DEBUG - Updated tags for lotus espirit.jpg: ['"station wagon",', '"car wheel",', '"taxicab",', '"race car",', '"police van",']
2024-08-31 19:23:14,095 - __main__ - INFO - Displaying image: C:/Users/Stas/Pictures/car\2c879bff3c54396771c4f388db956071.jpg
2024-08-31 19:23:14,095 - __main__ - DEBUG - Image found in cache: C:/Users/Stas/Pictures/car\2c879bff3c54396771c4f388db956071.jpg
2024-08-31 19:23:14,099 - __main__ - DEBUG - Image loaded successfully: C:/Users/Stas/Pictures/car\2c879bff3c54396771c4f388db956071.jpg
2024-08-31 19:23:14,099 - __main__ - INFO - Updating tags for: 2c879bff3c54396771c4f388db956071.jpg
2024-08-31 19:23:14,099 - __main__ - DEBUG - Updated tags for 2c879bff3c54396771c4f388db956071.jpg: ['"grille",', '"convertible",', '"station wagon",', '"pickup truck",', '"limousine",']
2024-08-31 19:23:14,400 - __main__ - INFO - Displaying image: C:/Users/Stas/Pictures/car\lotus espirit.jpg
2024-08-31 19:23:14,400 - __main__ - DEBUG - Image found in cache: C:/Users/Stas/Pictures/car\lotus espirit.jpg
2024-08-31 19:23:14,400 - __main__ - DEBUG - Image loaded successfully: C:/Users/Stas/Pictures/car\lotus espirit.jpg
2024-08-31 19:23:14,400 - __main__ - INFO - Updating tags for: lotus espirit.jpg
2024-08-31 19:23:14,400 - __main__ - DEBUG - Updated tags for lotus espirit.jpg: ['"station wagon",', '"car wheel",', '"taxicab",', '"race car",', '"police van",']
2024-08-31 19:23:19,819 - __main__ - INFO - Searching images
2024-08-31 19:23:19,820 - __main__ - INFO - Found 1 images
2024-08-31 19:23:21,016 - __main__ - INFO - Displaying image: C:/Users/Stas/Pictures/car\lotus espirit.jpg
2024-08-31 19:23:21,016 - __main__ - DEBUG - Image found in cache: C:/Users/Stas/Pictures/car\lotus espirit.jpg
2024-08-31 19:23:21,016 - __main__ - DEBUG - Image loaded successfully: C:/Users/Stas/Pictures/car\lotus espirit.jpg
2024-08-31 19:23:21,016 - __main__ - INFO - Updating tags for: lotus espirit.jpg
2024-08-31 19:23:21,017 - __main__ - DEBUG - Updated tags for lotus espirit.jpg: ['"station wagon",', '"car wheel",', '"taxicab",', '"race car",', '"police van",']
