2024-08-31 18:11:42,758 - __main__ - INFO - Starting application
2024-08-31 18:11:42,769 - __main__ - INFO - Initializing ImageTaggerApp
2024-08-31 18:11:45,876 - __main__ - INFO - Selecting folder
2024-08-31 18:11:49,310 - __main__ - INFO - Folder selected: C:/Users/Stas/Pictures/car
2024-08-31 18:11:49,310 - __main__ - INFO - Sending folder to backend: C:/Users/Stas/Pictures/car
2024-08-31 18:11:49,314 - urllib3.connectionpool - DEBUG - Starting new HTTP connection (1): localhost:8000
2024-08-31 18:11:51,338 - urllib3.connectionpool - DEBUG - http://localhost:8000 "POST /set_folder HTTP/11" 200 55
2024-08-31 18:11:51,338 - __main__ - INFO - Folder sent to backend successfully
2024-08-31 18:11:51,338 - __main__ - INFO - Loading images
2024-08-31 18:11:51,338 - __main__ - INFO - Loaded 2 images
2024-08-31 18:11:53,284 - __main__ - INFO - Displaying image: C:/Users/Stas/Pictures/car\lotus espirit.jpg
2024-08-31 18:11:53,284 - __main__ - DEBUG - Loading image from disk: C:/Users/Stas/Pictures/car\lotus espirit.jpg
2024-08-31 18:11:53,289 - __main__ - INFO - Updating tags for: lotus espirit.jpg
2024-08-31 18:11:53,289 - __main__ - DEBUG - Starting to load image: C:/Users/Stas/Pictures/car\lotus espirit.jpg
2024-08-31 18:11:53,289 - __main__ - DEBUG - Updated tags for lotus espirit.jpg: []
2024-08-31 18:11:53,584 - __main__ - DEBUG - Image loaded successfully: C:/Users/Stas/Pictures/car\lotus espirit.jpg
2024-08-31 18:11:53,584 - __main__ - DEBUG - Image loaded successfully: C:/Users/Stas/Pictures/car\lotus espirit.jpg
2024-08-31 18:11:54,164 - __main__ - INFO - Displaying image: C:/Users/Stas/Pictures/car\2c879bff3c54396771c4f388db956071.jpg
2024-08-31 18:11:54,164 - __main__ - DEBUG - Loading image from disk: C:/Users/Stas/Pictures/car\2c879bff3c54396771c4f388db956071.jpg
2024-08-31 18:11:54,170 - __main__ - INFO - Updating tags for: 2c879bff3c54396771c4f388db956071.jpg
2024-08-31 18:11:54,170 - __main__ - DEBUG - Starting to load image: C:/Users/Stas/Pictures/car\2c879bff3c54396771c4f388db956071.jpg
2024-08-31 18:11:54,170 - __main__ - DEBUG - Updated tags for 2c879bff3c54396771c4f388db956071.jpg: []
2024-08-31 18:11:54,573 - __main__ - DEBUG - Image loaded successfully: C:/Users/Stas/Pictures/car\2c879bff3c54396771c4f388db956071.jpg
2024-08-31 18:11:54,576 - __main__ - DEBUG - Image loaded successfully: C:/Users/Stas/Pictures/car\2c879bff3c54396771c4f388db956071.jpg
2024-08-31 18:11:55,589 - __main__ - INFO - Starting image processing
2024-08-31 18:11:55,590 - urllib3.connectionpool - DEBUG - Starting new HTTP connection (1): localhost:8000
2024-08-31 18:11:57,606 - urllib3.connectionpool - DEBUG - http://localhost:8000 "GET /process_images HTTP/11" 200 32
2024-08-31 18:11:57,607 - __main__ - INFO - Processing started successfully
2024-08-31 18:11:59,600 - __main__ - DEBUG - Checking processing status
2024-08-31 18:11:59,600 - urllib3.connectionpool - DEBUG - Starting new HTTP connection (1): localhost:8000
2024-08-31 18:13:34,148 - urllib3.connectionpool - DEBUG - http://localhost:8000 "GET /get_tags HTTP/11" 200 63
2024-08-31 18:13:34,148 - __main__ - INFO - Processed 1 images
2024-08-31 18:13:34,149 - __main__ - INFO - Updating tags for: 2c879bff3c54396771c4f388db956071.jpg
2024-08-31 18:13:34,149 - __main__ - DEBUG - Updated tags for 2c879bff3c54396771c4f388db956071.jpg: []
2024-08-31 18:13:35,905 - __main__ - INFO - Starting application
2024-08-31 18:13:35,914 - __main__ - INFO - Initializing ImageTaggerApp
2024-08-31 18:13:37,285 - __main__ - INFO - Selecting folder
2024-08-31 18:13:40,910 - __main__ - INFO - Folder selected: C:/Users/Stas/Pictures/car
2024-08-31 18:13:40,910 - __main__ - INFO - Sending folder to backend: C:/Users/Stas/Pictures/car
2024-08-31 18:13:40,913 - urllib3.connectionpool - DEBUG - Starting new HTTP connection (1): localhost:8000
2024-08-31 18:13:42,948 - urllib3.connectionpool - DEBUG - http://localhost:8000 "POST /set_folder HTTP/11" 200 55
2024-08-31 18:13:42,948 - __main__ - INFO - Folder sent to backend successfully
2024-08-31 18:13:42,948 - __main__ - INFO - Loading images
2024-08-31 18:13:42,949 - __main__ - INFO - Loaded 2 images
2024-08-31 18:13:44,369 - __main__ - INFO - Displaying image: C:/Users/Stas/Pictures/car\2c879bff3c54396771c4f388db956071.jpg
2024-08-31 18:13:44,369 - __main__ - DEBUG - Loading image from disk: C:/Users/Stas/Pictures/car\2c879bff3c54396771c4f388db956071.jpg
2024-08-31 18:13:44,374 - __main__ - INFO - Updating tags for: 2c879bff3c54396771c4f388db956071.jpg
2024-08-31 18:13:44,374 - __main__ - DEBUG - Starting to load image: C:/Users/Stas/Pictures/car\2c879bff3c54396771c4f388db956071.jpg
2024-08-31 18:13:44,375 - __main__ - DEBUG - Updated tags for 2c879bff3c54396771c4f388db956071.jpg: []
2024-08-31 18:13:44,789 - __main__ - DEBUG - Image loaded successfully: C:/Users/Stas/Pictures/car\2c879bff3c54396771c4f388db956071.jpg
2024-08-31 18:13:44,795 - __main__ - DEBUG - Image loaded successfully: C:/Users/Stas/Pictures/car\2c879bff3c54396771c4f388db956071.jpg
2024-08-31 18:13:45,201 - __main__ - INFO - Displaying image: C:/Users/Stas/Pictures/car\lotus espirit.jpg
2024-08-31 18:13:45,201 - __main__ - DEBUG - Loading image from disk: C:/Users/Stas/Pictures/car\lotus espirit.jpg
2024-08-31 18:13:45,206 - __main__ - INFO - Updating tags for: lotus espirit.jpg
2024-08-31 18:13:45,207 - __main__ - DEBUG - Starting to load image: C:/Users/Stas/Pictures/car\lotus espirit.jpg
2024-08-31 18:13:45,207 - __main__ - DEBUG - Updated tags for lotus espirit.jpg: []
2024-08-31 18:13:45,487 - __main__ - DEBUG - Image loaded successfully: C:/Users/Stas/Pictures/car\lotus espirit.jpg
2024-08-31 18:13:45,492 - __main__ - DEBUG - Image loaded successfully: C:/Users/Stas/Pictures/car\lotus espirit.jpg
2024-08-31 18:13:46,535 - __main__ - INFO - Starting image processing
2024-08-31 18:13:46,536 - urllib3.connectionpool - DEBUG - Starting new HTTP connection (1): localhost:8000
2024-08-31 18:13:48,576 - urllib3.connectionpool - DEBUG - http://localhost:8000 "GET /process_images HTTP/11" 200 32
2024-08-31 18:13:48,576 - __main__ - INFO - Processing started successfully
2024-08-31 18:13:50,565 - __main__ - DEBUG - Checking processing status
2024-08-31 18:13:50,566 - urllib3.connectionpool - DEBUG - Starting new HTTP connection (1): localhost:8000
2024-08-31 18:14:31,310 - __main__ - INFO - Starting application
2024-08-31 18:14:31,316 - __main__ - INFO - Initializing ImageTaggerApp
2024-08-31 18:14:32,701 - __main__ - INFO - Selecting folder
2024-08-31 18:14:36,046 - __main__ - INFO - Folder selected: C:/Users/Stas/Pictures/Camera Roll
2024-08-31 18:14:36,046 - __main__ - INFO - Sending folder to backend: C:/Users/Stas/Pictures/Camera Roll
2024-08-31 18:14:36,048 - urllib3.connectionpool - DEBUG - Starting new HTTP connection (1): localhost:8000
2024-08-31 18:14:38,091 - urllib3.connectionpool - DEBUG - http://localhost:8000 "POST /set_folder HTTP/11" 200 63
2024-08-31 18:14:38,091 - __main__ - INFO - Folder sent to backend successfully
2024-08-31 18:14:38,091 - __main__ - INFO - Loading images
2024-08-31 18:14:38,091 - __main__ - INFO - Loaded 10 images
2024-08-31 18:14:38,723 - __main__ - INFO - Displaying image: C:/Users/Stas/Pictures/Camera Roll\317017476_1250346415526355_2875232753687967979_n.jpg
2024-08-31 18:14:38,723 - __main__ - DEBUG - Loading image from disk: C:/Users/Stas/Pictures/Camera Roll\317017476_1250346415526355_2875232753687967979_n.jpg
2024-08-31 18:14:38,728 - __main__ - INFO - Updating tags for: 317017476_1250346415526355_2875232753687967979_n.jpg
2024-08-31 18:14:38,728 - __main__ - DEBUG - Starting to load image: C:/Users/Stas/Pictures/Camera Roll\317017476_1250346415526355_2875232753687967979_n.jpg
2024-08-31 18:14:38,729 - __main__ - DEBUG - Updated tags for 317017476_1250346415526355_2875232753687967979_n.jpg: []
2024-08-31 18:14:39,168 - __main__ - DEBUG - Image loaded successfully: C:/Users/Stas/Pictures/Camera Roll\317017476_1250346415526355_2875232753687967979_n.jpg
2024-08-31 18:14:39,172 - __main__ - DEBUG - Image loaded successfully: C:/Users/Stas/Pictures/Camera Roll\317017476_1250346415526355_2875232753687967979_n.jpg
2024-08-31 18:14:39,673 - __main__ - INFO - Displaying image: C:/Users/Stas/Pictures/Camera Roll\317196737_131367436419094_1850881727585622897_n.jpg
2024-08-31 18:14:39,673 - __main__ - DEBUG - Loading image from disk: C:/Users/Stas/Pictures/Camera Roll\317196737_131367436419094_1850881727585622897_n.jpg
2024-08-31 18:14:39,677 - __main__ - INFO - Updating tags for: 317196737_131367436419094_1850881727585622897_n.jpg
2024-08-31 18:14:39,677 - __main__ - DEBUG - Starting to load image: C:/Users/Stas/Pictures/Camera Roll\317196737_131367436419094_1850881727585622897_n.jpg
2024-08-31 18:14:39,677 - __main__ - DEBUG - Updated tags for 317196737_131367436419094_1850881727585622897_n.jpg: []
2024-08-31 18:14:40,096 - __main__ - DEBUG - Image loaded successfully: C:/Users/Stas/Pictures/Camera Roll\317196737_131367436419094_1850881727585622897_n.jpg
2024-08-31 18:14:40,100 - __main__ - DEBUG - Image loaded successfully: C:/Users/Stas/Pictures/Camera Roll\317196737_131367436419094_1850881727585622897_n.jpg
2024-08-31 18:14:40,807 - __main__ - INFO - Displaying image: C:/Users/Stas/Pictures/Camera Roll\317017476_1250346415526355_2875232753687967979_n.jpg
2024-08-31 18:14:40,807 - __main__ - DEBUG - Image found in cache: C:/Users/Stas/Pictures/Camera Roll\317017476_1250346415526355_2875232753687967979_n.jpg
2024-08-31 18:14:40,807 - __main__ - DEBUG - Image loaded successfully: C:/Users/Stas/Pictures/Camera Roll\317017476_1250346415526355_2875232753687967979_n.jpg
2024-08-31 18:14:40,807 - __main__ - INFO - Updating tags for: 317017476_1250346415526355_2875232753687967979_n.jpg
2024-08-31 18:14:40,807 - __main__ - DEBUG - Updated tags for 317017476_1250346415526355_2875232753687967979_n.jpg: []
2024-08-31 18:14:41,209 - __main__ - INFO - Displaying image: C:/Users/Stas/Pictures/Camera Roll\317032928_635478051611253_9110387673886695315_n.jpg
2024-08-31 18:14:41,209 - __main__ - DEBUG - Loading image from disk: C:/Users/Stas/Pictures/Camera Roll\317032928_635478051611253_9110387673886695315_n.jpg
2024-08-31 18:14:41,213 - __main__ - INFO - Updating tags for: 317032928_635478051611253_9110387673886695315_n.jpg
2024-08-31 18:14:41,213 - __main__ - DEBUG - Starting to load image: C:/Users/Stas/Pictures/Camera Roll\317032928_635478051611253_9110387673886695315_n.jpg
2024-08-31 18:14:41,213 - __main__ - DEBUG - Updated tags for 317032928_635478051611253_9110387673886695315_n.jpg: []
2024-08-31 18:14:41,584 - __main__ - DEBUG - Image loaded successfully: C:/Users/Stas/Pictures/Camera Roll\317032928_635478051611253_9110387673886695315_n.jpg
2024-08-31 18:14:41,589 - __main__ - DEBUG - Image loaded successfully: C:/Users/Stas/Pictures/Camera Roll\317032928_635478051611253_9110387673886695315_n.jpg
2024-08-31 18:14:42,013 - __main__ - INFO - Displaying image: C:/Users/Stas/Pictures/Camera Roll\317196737_131367436419094_1850881727585622897_n.jpg
2024-08-31 18:14:42,013 - __main__ - DEBUG - Image found in cache: C:/Users/Stas/Pictures/Camera Roll\317196737_131367436419094_1850881727585622897_n.jpg
2024-08-31 18:14:42,013 - __main__ - DEBUG - Image loaded successfully: C:/Users/Stas/Pictures/Camera Roll\317196737_131367436419094_1850881727585622897_n.jpg
2024-08-31 18:14:42,013 - __main__ - INFO - Updating tags for: 317196737_131367436419094_1850881727585622897_n.jpg
2024-08-31 18:14:42,014 - __main__ - DEBUG - Updated tags for 317196737_131367436419094_1850881727585622897_n.jpg: []
2024-08-31 18:14:42,324 - __main__ - INFO - Displaying image: C:/Users/Stas/Pictures/Camera Roll\317032928_635478051611253_9110387673886695315_n.jpg
2024-08-31 18:14:42,324 - __main__ - DEBUG - Image found in cache: C:/Users/Stas/Pictures/Camera Roll\317032928_635478051611253_9110387673886695315_n.jpg
2024-08-31 18:14:42,324 - __main__ - DEBUG - Image loaded successfully: C:/Users/Stas/Pictures/Camera Roll\317032928_635478051611253_9110387673886695315_n.jpg
2024-08-31 18:14:42,324 - __main__ - INFO - Updating tags for: 317032928_635478051611253_9110387673886695315_n.jpg
2024-08-31 18:14:42,324 - __main__ - DEBUG - Updated tags for 317032928_635478051611253_9110387673886695315_n.jpg: []
2024-08-31 18:14:42,977 - __main__ - INFO - Starting image processing
2024-08-31 18:14:42,978 - urllib3.connectionpool - DEBUG - Starting new HTTP connection (1): localhost:8000
2024-08-31 18:14:44,997 - urllib3.connectionpool - DEBUG - http://localhost:8000 "GET /process_images HTTP/11" 200 32
2024-08-31 18:14:44,997 - __main__ - INFO - Processing started successfully
2024-08-31 18:14:46,987 - __main__ - DEBUG - Checking processing status
2024-08-31 18:14:46,988 - urllib3.connectionpool - DEBUG - Starting new HTTP connection (1): localhost:8000
